<?xml version="1.0" encoding="UTF-8"?>
<!-- Generated by org.testng.reporters.JUnitXMLReporter -->
<testsuite ignored="0" hostname="DESKTOP-CRR22JH" failures="4" tests="5" name="Test" time="97.083" errors="0" timestamp="2024-09-27T17:55:19 IST">
  <testcase classname="testCases.TC008_PlaceOrderEndToEndTest" name="placeOrderEndToEndTest" time="37.109"/>
  <testcase classname="testCases.TC008_PlaceOrderEndToEndTest" name="placeOrderEndToEndTest" time="10.5">
    <failure type="java.lang.AssertionError" message="Login Page Error: Authentication failed.">
      <![CDATA[java.lang.AssertionError: Login Page Error: Authentication failed.
at testCases.TC008_PlaceOrderEndToEndTest.placeOrderEndToEndTest(TC008_PlaceOrderEndToEndTest.java:85)
at java.base/java.util.ArrayList.forEach(ArrayList.java:1597)
... Removed 26 stack frames]]>
    </failure>
  </testcase> <!-- placeOrderEndToEndTest -->
  <testcase classname="testCases.TC008_PlaceOrderEndToEndTest" name="placeOrderEndToEndTest" time="10.062">
    <failure type="java.lang.AssertionError" message="Login Page Error: Invalid email address.">
      <![CDATA[java.lang.AssertionError: Login Page Error: Invalid email address.
at testCases.TC008_PlaceOrderEndToEndTest.placeOrderEndToEndTest(TC008_PlaceOrderEndToEndTest.java:85)
at java.base/java.util.ArrayList.forEach(ArrayList.java:1597)
... Removed 26 stack frames]]>
    </failure>
  </testcase> <!-- placeOrderEndToEndTest -->
  <testcase classname="testCases.TC008_PlaceOrderEndToEndTest" name="placeOrderEndToEndTest" time="7.65">
    <failure type="java.lang.AssertionError" message="Null Quantity - Invalid Quantity">
      <![CDATA[java.lang.AssertionError: Null Quantity - Invalid Quantity
at testCases.TC008_PlaceOrderEndToEndTest.searchAndAddProductToCart(TC008_PlaceOrderEndToEndTest.java:168)
at testCases.TC008_PlaceOrderEndToEndTest.placeOrderEndToEndTest(TC008_PlaceOrderEndToEndTest.java:61)
at java.base/java.util.ArrayList.forEach(ArrayList.java:1597)
... Removed 26 stack frames]]>
    </failure>
  </testcase> <!-- placeOrderEndToEndTest -->
  <testcase classname="testCases.TC008_PlaceOrderEndToEndTest" name="placeOrderEndToEndTest" time="11.208">
    <failure type="java.lang.AssertionError" message="Test Failed: Product added to cart with Negative/INVALID quantity.">
      <![CDATA[java.lang.AssertionError: Test Failed: Product added to cart with Negative/INVALID quantity.
at testCases.TC008_PlaceOrderEndToEndTest.searchAndAddProductToCart(TC008_PlaceOrderEndToEndTest.java:175)
at testCases.TC008_PlaceOrderEndToEndTest.placeOrderEndToEndTest(TC008_PlaceOrderEndToEndTest.java:61)
at java.base/java.util.ArrayList.forEach(ArrayList.java:1597)
... Removed 26 stack frames]]>
    </failure>
  </testcase> <!-- placeOrderEndToEndTest -->
</testsuite> <!-- Test -->
